<?xml version="1.0" encoding="UTF-8"?>
<testsuites>
  <testsuite name="fastlane.lanes">
    
    
    
      
      <testcase classname="fastlane.lanes" name="0: Verifying required fastlane version" time="0.002204">
        
      </testcase>
    
      
      <testcase classname="fastlane.lanes" name="1: default_platform" time="0.001725">
        
      </testcase>
    
      
      <testcase classname="fastlane.lanes" name="2: chmod 777 ./modify_version.sh" time="0.004506">
        
      </testcase>
    
      
      <testcase classname="fastlane.lanes" name="3: ./modify_version.sh 2.0.9 mc_feature_pre_fastlane" time="0.028183">
        
      </testcase>
    
      
      <testcase classname="fastlane.lanes" name="4: chmod 777 ./replace_code.sh" time="0.004376">
        
      </testcase>
    
      
      <testcase classname="fastlane.lanes" name="5: ./replace_code.sh ~/Documents/Git/SensorsAnalytics ~/Documents/demo/sa-sdk-ios 2.0.9 mc_feature_pre_fastlane" time="0.243508">
        
      </testcase>
    
      
      <testcase classname="fastlane.lanes" name="6: cd ~/Documents/demo/sa-sdk-ios &amp;&amp; bundle update &amp;&amp; fastlane release version:2.0.9 branch:mc_feature_pre_fastlane" time="118.402183">
        
          <failure message="/Users/zhangminchao/.fastlane/bin/bundle/lib/ruby/gems/2.2.0/gems/fastlane-2.28.3/fastlane/lib/fastlane/actions/actions_helper.rb:48:in `execute_action'&#10;/Users/zhangminchao/.fastlane/bin/bundle/lib/ruby/gems/2.2.0/gems/fastlane-2.28.3/fastlane/lib/fastlane/fast_file.rb:176:in `sh'&#10;Fastfile:39:in `block (2 levels) in parsing_binding'&#10;/Users/zhangminchao/.fastlane/bin/bundle/lib/ruby/gems/2.2.0/gems/fastlane-2.28.3/fastlane/lib/fastlane/lane.rb:33:in `call'&#10;/Users/zhangminchao/.fastlane/bin/bundle/lib/ruby/gems/2.2.0/gems/fastlane-2.28.3/fastlane/lib/fastlane/lane.rb:33:in `call'&#10;/Users/zhangminchao/.fastlane/bin/bundle/lib/ruby/gems/2.2.0/gems/fastlane-2.28.3/fastlane/lib/fastlane/runner.rb:49:in `block in execute'&#10;/Users/zhangminchao/.fastlane/bin/bundle/lib/ruby/gems/2.2.0/gems/fastlane-2.28.3/fastlane/lib/fastlane/runner.rb:45:in `chdir'&#10;/Users/zhangminchao/.fastlane/bin/bundle/lib/ruby/gems/2.2.0/gems/fastlane-2.28.3/fastlane/lib/fastlane/runner.rb:45:in `execute'&#10;/Users/zhangminchao/.fastlane/bin/bundle/lib/ruby/gems/2.2.0/gems/fastlane-2.28.3/fastlane/lib/fastlane/lane_manager.rb:52:in `cruise_lane'&#10;/Users/zhangminchao/.fastlane/bin/bundle/lib/ruby/gems/2.2.0/gems/fastlane-2.28.3/fastlane/lib/fastlane/command_line_handler.rb:30:in `handle'&#10;/Users/zhangminchao/.fastlane/bin/bundle/lib/ruby/gems/2.2.0/gems/fastlane-2.28.3/fastlane/lib/fastlane/commands_generator.rb:104:in `block (2 levels) in run'&#10;/Users/zhangminchao/.fastlane/bin/bundle/lib/ruby/gems/2.2.0/gems/commander-fastlane-4.4.6/lib/commander/command.rb:178:in `call'&#10;/Users/zhangminchao/.fastlane/bin/bundle/lib/ruby/gems/2.2.0/gems/commander-fastlane-4.4.6/lib/commander/command.rb:178:in `call'&#10;/Users/zhangminchao/.fastlane/bin/bundle/lib/ruby/gems/2.2.0/gems/commander-fastlane-4.4.6/lib/commander/command.rb:153:in `run'&#10;/Users/zhangminchao/.fastlane/bin/bundle/lib/ruby/gems/2.2.0/gems/commander-fastlane-4.4.6/lib/commander/runner.rb:476:in `run_active_command'&#10;/Users/zhangminchao/.fastlane/bin/bundle/lib/ruby/gems/2.2.0/gems/fastlane-2.28.3/fastlane_core/lib/fastlane_core/ui/fastlane_runner.rb:40:in `run!'&#10;/Users/zhangminchao/.fastlane/bin/bundle/lib/ruby/gems/2.2.0/gems/commander-fastlane-4.4.6/lib/commander/delegates.rb:15:in `run!'&#10;/Users/zhangminchao/.fastlane/bin/bundle/lib/ruby/gems/2.2.0/gems/fastlane-2.28.3/fastlane/lib/fastlane/commands_generator.rb:303:in `run'&#10;/Users/zhangminchao/.fastlane/bin/bundle/lib/ruby/gems/2.2.0/gems/fastlane-2.28.3/fastlane/lib/fastlane/commands_generator.rb:42:in `start'&#10;/Users/zhangminchao/.fastlane/bin/bundle/lib/ruby/gems/2.2.0/gems/fastlane-2.28.3/fastlane/lib/fastlane/cli_tools_distributor.rb:66:in `take_off'&#10;/Users/zhangminchao/.fastlane/bin/bundle/lib/ruby/gems/2.2.0/gems/fastlane-2.28.3/bin/fastlane:20:in `&lt;top (required)&gt;'&#10;/Users/zhangminchao/.fastlane/bin/bundle/bin/fastlane:22:in `load'&#10;/Users/zhangminchao/.fastlane/bin/bundle/bin/fastlane:22:in `&lt;main&gt;'&#10;&#10;Exit status of command 'cd ~/Documents/demo/sa-sdk-ios &amp;&amp; bundle update &amp;&amp; fastlane release version:2.0.9 branch:mc_feature_pre_fastlane' was 5 instead of 0.&#10;Warning: the running version of Bundler (1.14.6) is older than the version that created the lockfile (1.17.2). We suggest you upgrade to the latest version of Bundler by running `gem install bundler`.&#10;Fetching gem metadata from https://rubygems.org/..........&#10;Fetching version metadata from https://rubygems.org/.&#10;Retrying dependency api due to error (2/4): Bundler::HTTPError Network error while fetching https://index.rubygems.org/api/v1/dependencies?gems=aws-sdk-acm%2Caws-sdk-acmpca%2Caws-sdk-alexaforbusiness%2Caws-sdk-amplify%2Caws-sdk-apigateway%2Caws-sdk-apigatewaymanagementapi%2Caws-sdk-apigatewayv2%2Caws-sdk-applicationautoscaling%2Caws-sdk-applicationdiscoveryservice%2Caws-sdk-appmesh%2Caws-sdk-appstream%2Caws-sdk-appsync%2Caws-sdk-athena%2Caws-sdk-autoscaling%2Caws-sdk-autoscalingplans%2Caws-sdk-backup%2Caws-sdk-batch%2Caws-sdk-budgets%2Caws-sdk-chime%2Caws-sdk-cloud9%2Caws-sdk-clouddirectory%2Caws-sdk-cloudformation%2Caws-sdk-cloudfront%2Caws-sdk-cloudhsm%2Caws-sdk-cloudhsmv2%2Caws-sdk-cloudsearch%2Caws-sdk-groundstation%2Caws-sdk-imagebuilder%2Caws-sdk-iotevents%2Caws-sdk-ioteventsdata%2Caws-sdk-iotsecuretunneling%2Caws-sdk-iotthingsgraph%2Caws-sdk-lakeformation%2Caws-sdk-managedblockchain%2Caws-sdk-marketplacecatalog%2Caws-sdk-mediapackagevod%2Caws-sdk-migrationhubconfig%2Caws-sdk-personalize%2Caws-sdk-personalizeevents%2Caws-sdk-personalizeruntime%2Caws-sdk-qldb%2Caws-sdk-qldbsession%2Caws-sdk-savingsplans%2Caws-sdk-schemas%2Caws-sdk-servicequotas%2Caws-sdk-sesv2%2Caws-sdk-sso%2Caws-sdk-ssooidc%2Caws-sdk-wafv2%2Caws-sdk-workmailmessageflow&#10;Retrying dependency api due to error (3/4): Bundler::HTTPError Network error while fetching https://index.rubygems.org/api/v1/dependencies?gems=aws-sdk-acm%2Caws-sdk-acmpca%2Caws-sdk-alexaforbusiness%2Caws-sdk-amplify%2Caws-sdk-apigateway%2Caws-sdk-apigatewaymanagementapi%2Caws-sdk-apigatewayv2%2Caws-sdk-applicationautoscaling%2Caws-sdk-applicationdiscoveryservice%2Caws-sdk-appmesh%2Caws-sdk-appstream%2Caws-sdk-appsync%2Caws-sdk-athena%2Caws-sdk-autoscaling%2Caws-sdk-autoscalingplans%2Caws-sdk-backup%2Caws-sdk-batch%2Caws-sdk-budgets%2Caws-sdk-chime%2Caws-sdk-cloud9%2Caws-sdk-clouddirectory%2Caws-sdk-cloudformation%2Caws-sdk-cloudfront%2Caws-sdk-cloudhsm%2Caws-sdk-cloudhsmv2%2Caws-sdk-cloudsearch%2Caws-sdk-groundstation%2Caws-sdk-imagebuilder%2Caws-sdk-iotevents%2Caws-sdk-ioteventsdata%2Caws-sdk-iotsecuretunneling%2Caws-sdk-iotthingsgraph%2Caws-sdk-lakeformation%2Caws-sdk-managedblockchain%2Caws-sdk-marketplacecatalog%2Caws-sdk-mediapackagevod%2Caws-sdk-migrationhubconfig%2Caws-sdk-personalize%2Caws-sdk-personalizeevents%2Caws-sdk-personalizeruntime%2Caws-sdk-qldb%2Caws-sdk-qldbsession%2Caws-sdk-savingsplans%2Caws-sdk-schemas%2Caws-sdk-servicequotas%2Caws-sdk-sesv2%2Caws-sdk-sso%2Caws-sdk-ssooidc%2Caws-sdk-wafv2%2Caws-sdk-workmailmessageflow..&#10;Fetching dependency metadata from https://rubygems.org/..&#10;Resolving dependencies.....&#10;Installing CFPropertyList 3.0.2&#10;Installing concurrent-ruby 1.1.6&#10;Installing minitest 5.14.0&#10;Installing thread_safe 0.3.6&#10;Using public_suffix 2.0.5&#10;Using httpclient 2.8.3&#10;Installing json 2.3.0 with native extensions&#10;Using atomos 0.1.3&#10;Installing aws-eventstream 1.1.0&#10;Installing aws-partitions 1.310.0&#10;Installing jmespath 1.4.0&#10;Installing babosa 1.0.3&#10;Using bundler 1.14.6&#10;Using claide 1.0.3&#10;Installing fuzzy_match 2.0.4&#10;Installing nap 1.1.0&#10;Installing netrc 0.11.0&#10;Installing ffi 1.12.2 with native extensions&#10;Installing cocoapods-deintegrate 1.0.4&#10;Installing cocoapods-downloader 1.3.0&#10;Installing cocoapods-search 1.0.0&#10;Installing cocoapods-stats 1.1.0&#10;Installing cocoapods-try 1.2.0&#10;Using colored2 3.1.2&#10;Installing escape 0.0.4&#10;Installing fourflusher 2.3.1&#10;Using gh_inspector 1.1.3&#10;Installing molinillo 0.6.6&#10;Installing ruby-macho 1.4.0&#10;Using nanaimo 0.2.6&#10;Using colored 1.2&#10;Installing highline 1.7.10&#10;Using declarative 0.0.10&#10;Using declarative-option 0.1.0&#10;Installing digest-crc 0.5.1&#10;Installing unf_ext 0.0.7.7 with native extensions&#10;Installing dotenv 2.7.5&#10;Installing emoji_regex 1.0.1&#10;Using excon 0.73.0&#10;Using multipart-post 2.0.0&#10;Installing fastimage 2.1.7&#10;Using jwt 2.1.0&#10;Installing memoist 0.16.2&#10;Installing multi_json 1.14.1&#10;Installing os 1.1.0&#10;Using mini_mime 1.0.2&#10;Installing uber 0.1.0&#10;Installing retriable 3.1.2&#10;Installing google-cloud-errors 1.0.0&#10;Using mini_magick 4.10.1&#10;Using multi_xml 0.6.0&#10;Installing plist 3.5.0&#10;Using rubyzip 1.3.0&#10;Using security 0.1.3&#10;Using naturally 2.2.0&#10;Using slack-notifier 2.3.2&#10;Using terminal-notifier 2.0.0&#10;Installing unicode-display_width 1.7.0&#10;Using tty-screen 0.7.1&#10;Using tty-cursor 0.7.1&#10;Using word_wrap 1.0.0&#10;Using rouge 2.0.7&#10;Installing i18n 0.9.5&#10;Installing tzinfo 1.2.7&#10;Installing addressable 2.7.0&#10;Gem::Ext::BuildError: ERROR: Failed to build gem native extension.&#10;&#10;    current directory: /Users/zhangminchao/.fastlane/bin/bundle/lib/ruby/gems/2.2.0/gems/json-2.3.0/ext/json/ext/generator&#10;/Users/zhangminchao/.fastlane/bin/bundle/bin/ruby -r ./siteconf20200507-12629-1xx46dx.rb extconf.rb&#10;creating Makefile&#10;&#10;current directory: /Users/zhangminchao/.fastlane/bin/bundle/lib/ruby/gems/2.2.0/gems/json-2.3.0/ext/json/ext/generator&#10;make &quot;DESTDIR=&quot; clean&#10;&#10;current directory: /Users/zhangminchao/.fastlane/bin/bundle/lib/ruby/gems/2.2.0/gems/json-2.3.0/ext/json/ext/generator&#10;make &quot;DESTDIR=&quot;&#10;compiling generator.c&#10;clang: warning: no such sysroot directory:&#10;'/Applications/Xcode-7.3.1.app/Contents/Developer/Platforms/MacOSX.platform/Developer/SDKs/MacOSX10.11.sdk' [-Wmissing-sysroot]&#10;In file included from generator.c:1:&#10;In file included from ./../fbuffer/fbuffer.h:5:&#10;In file included from /Users/zhangminchao/.fastlane/bin/bundle/include/ruby-2.2.0/ruby.h:33:&#10;In file included from /Users/zhangminchao/.fastlane/bin/bundle/include/ruby-2.2.0/ruby/ruby.h:29:&#10;/Users/zhangminchao/.fastlane/bin/bundle/include/ruby-2.2.0/ruby/defines.h:26:10: fatal error: 'stdio.h' file not found&#10;#include &lt;stdio.h&gt;&#10;         ^~~~~~~~~&#10;1 error generated.&#10;make: *** [generator.o] Error 1&#10;&#10;make failed, exit code 2&#10;&#10;Gem files will remain installed in /Users/zhangminchao/.fastlane/bin/bundle/lib/ruby/gems/2.2.0/gems/json-2.3.0 for inspection.&#10;Results logged to /Users/zhangminchao/.fastlane/bin/bundle/lib/ruby/gems/2.2.0/extensions/x86_64-darwin-15/2.2.0-static/json-2.3.0/gem_make.out&#10;&#10;An error occurred while installing json (2.3.0), and Bundler cannot continue.&#10;Make sure that `gem install json -v '2.3.0'` succeeds before bundling.&#10;" />
        
      </testcase>
    
  </testsuite>
</testsuites>
